<?xml version="1.0" encoding="UTF-8"?>
<coverage generated="1734718008582" clover="3.2.0">
  <project timestamp="1734718008582" name="All files">
    <metrics statements="15" coveredstatements="11" conditionals="2" coveredconditionals="1" methods="7" coveredmethods="3" elements="24" coveredelements="15" complexity="0" loc="15" ncloc="15" packages="1" files="1" classes="1"/>
    <file name="Home.jsx" path="/Users/rohittiwari/Documents/Projects/react-crud-app/src/pages/Home/Home.jsx">
      <metrics statements="15" coveredstatements="11" conditionals="2" coveredconditionals="1" methods="7" coveredmethods="3"/>
      <line num="5" count="1" type="stmt"/>
      <line num="6" count="6" type="stmt"/>
      <line num="7" count="6" type="stmt"/>
      <line num="8" count="6" type="stmt"/>
      <line num="11" count="6" type="stmt"/>
      <line num="19" count="6" type="stmt"/>
      <line num="22" count="6" type="stmt"/>
      <line num="23" count="0" type="stmt"/>
      <line num="26" count="6" type="stmt"/>
      <line num="46" count="1" type="stmt"/>
      <line num="47" count="1" type="stmt"/>
      <line num="59" count="12" type="stmt"/>
      <line num="70" count="0" type="stmt"/>
      <line num="84" count="0" type="stmt"/>
      <line num="94" count="0" type="stmt"/>
    </file>
  </project>
</coverage>
