{"/Users/rohittiwari/Documents/Projects/react-crud-app/src/pages/Home/Home.jsx": {"path":"/Users/rohittiwari/Documents/Projects/react-crud-app/src/pages/Home/Home.jsx","statementMap":{"0":{"start":{"line":5,"column":13},"end":{"line":103,"column":1}},"1":{"start":{"line":6,"column":40},"end":{"line":6,"column":52}},"2":{"start":{"line":7,"column":40},"end":{"line":7,"column":51}},"3":{"start":{"line":8,"column":23},"end":{"line":8,"column":24}},"4":{"start":{"line":11,"column":67},"end":{"line":16,"column":3}},"5":{"start":{"line":19,"column":21},"end":{"line":19,"column":57}},"6":{"start":{"line":22,"column":27},"end":{"line":24,"column":3}},"7":{"start":{"line":23,"column":4},"end":{"line":23,"column":25}},"8":{"start":{"line":26,"column":2},"end":{"line":102,"column":4}},"9":{"start":{"line":46,"column":12},"end":{"line":46,"column":43}},"10":{"start":{"line":47,"column":12},"end":{"line":47,"column":41}},"11":{"start":{"line":59,"column":12},"end":{"line":76,"column":17}},"12":{"start":{"line":70,"column":33},"end":{"line":70,"column":52}},"13":{"start":{"line":84,"column":25},"end":{"line":84,"column":58}},"14":{"start":{"line":94,"column":25},"end":{"line":94,"column":58}}},"fnMap":{"0":{"name":"(anonymous_0)","decl":{"start":{"line":5,"column":13},"end":{"line":5,"column":14}},"loc":{"start":{"line":5,"column":19},"end":{"line":103,"column":1}},"line":5},"1":{"name":"(anonymous_1)","decl":{"start":{"line":22,"column":27},"end":{"line":22,"column":28}},"loc":{"start":{"line":22,"column":37},"end":{"line":24,"column":3}},"line":22},"2":{"name":"(anonymous_2)","decl":{"start":{"line":45,"column":20},"end":{"line":45,"column":21}},"loc":{"start":{"line":45,"column":27},"end":{"line":48,"column":11}},"line":45},"3":{"name":"(anonymous_3)","decl":{"start":{"line":58,"column":21},"end":{"line":58,"column":22}},"loc":{"start":{"line":59,"column":12},"end":{"line":76,"column":17}},"line":59},"4":{"name":"(anonymous_4)","decl":{"start":{"line":70,"column":27},"end":{"line":70,"column":28}},"loc":{"start":{"line":70,"column":33},"end":{"line":70,"column":52}},"line":70},"5":{"name":"(anonymous_5)","decl":{"start":{"line":84,"column":19},"end":{"line":84,"column":20}},"loc":{"start":{"line":84,"column":25},"end":{"line":84,"column":58}},"line":84},"6":{"name":"(anonymous_6)","decl":{"start":{"line":94,"column":19},"end":{"line":94,"column":20}},"loc":{"start":{"line":94,"column":25},"end":{"line":94,"column":58}},"line":94}},"branchMap":{"0":{"loc":{"start":{"line":54,"column":7},"end":{"line":79,"column":7}},"type":"cond-expr","locations":[{"start":{"line":55,"column":8},"end":{"line":55,"column":63}},{"start":{"line":57,"column":8},"end":{"line":78,"column":13}}],"line":54}},"s":{"0":1,"1":6,"2":6,"3":6,"4":6,"5":6,"6":6,"7":0,"8":6,"9":1,"10":1,"11":12,"12":0,"13":0,"14":0},"f":{"0":6,"1":0,"2":1,"3":12,"4":0,"5":0,"6":0},"b":{"0":[0,6]},"_coverageSchema":"1a1c01bbd47fc00a2c39e90264f33305004495a9","hash":"43ee5d310ab5cc70b5c6ba12b2e774ca4aaf8c45"}
}
