TN:
SF:src/pages/Home/Home.jsx
FN:5,(anonymous_0)
FN:22,(anonymous_1)
FN:45,(anonymous_2)
FN:58,(anonymous_3)
FN:70,(anonymous_4)
FN:84,(anonymous_5)
FN:94,(anonymous_6)
FNF:7
FNH:3
FNDA:6,(anonymous_0)
FNDA:0,(anonymous_1)
FNDA:1,(anonymous_2)
FNDA:12,(anonymous_3)
FNDA:0,(anonymous_4)
FNDA:0,(anonymous_5)
FNDA:0,(anonymous_6)
DA:5,1
DA:6,6
DA:7,6
DA:8,6
DA:11,6
DA:19,6
DA:22,6
DA:23,0
DA:26,6
DA:46,1
DA:47,1
DA:59,12
DA:70,0
DA:84,0
DA:94,0
LF:15
LH:11
BRDA:54,0,0,0
BRDA:54,0,1,6
BRF:2
BRH:1
end_of_record
